<?xml version="1.0" encoding="UTF-8"?>
<testsuite xmlns:xsi="http://www.w3.org/2001/XMLSchema-instance" xsi:noNamespaceSchemaLocation="https://maven.apache.org/surefire/maven-surefire-plugin/xsd/surefire-test-report.xsd" name="com.sc.test.UtilTest" time="0.788" tests="4" errors="0" skipped="0" failures="0">
  <properties>
[...]
</properties>
  <testcase name="test01" classname="com.sc.test.UtilTest" time="0.005"/>
  <testcase name="test02" classname="com.sc.test.UtilTest" time="0.001"/>
  <testcase name="test03" classname="com.sc.test.UtilTest" time="0.734"/>
  <testcase name="test04" classname="com.sc.test.UtilTest" time="0"/>
</testsuite>